<?xml version="1.0" encoding="UTF-8"?>
<!-- Generated by org.testng.reporters.JUnitXMLReporter -->
<testsuite ignored="0" hostname="L-INE-CBPCQG3" failures="0" tests="4" name="Default test" time="5.48" errors="0" timestamp="2025-05-14T17:56:25 IST">
  <testcase classname="test.PutPatchDeleteMethod" name="deletemethod" time="2.889"/>
  <testcase classname="test.PutPatchDeleteMethod" name="patchmethod" time="0.51"/>
  <testcase classname="test.PutPatchDeleteMethod" name="postMethodCreateObject" time="1.62"/>
  <testcase classname="test.PutPatchDeleteMethod" name="postmethod" time="0.371"/>
</testsuite> <!-- Default test -->
