<?xml version="1.0" encoding="UTF-8"?>
<testng-results ignored="0" total="2" passed="2" failed="0" skipped="0">
  <reporter-output>
  </reporter-output>
  <suite started-at="2025-05-14T14:54:00 IST" name="Default suite" finished-at="2025-05-14T14:54:04 IST" duration-ms="3865">
    <groups>
    </groups>
    <test started-at="2025-05-14T14:54:00 IST" name="Default test" finished-at="2025-05-14T14:54:04 IST" duration-ms="3865">
      <class name="test.PutPatchDeleteMethod">
        <test-method signature="postMethodCreateObject()[pri:0, instance:test.PutPatchDeleteMethod@279fedbd]" started-at="2025-05-14T14:54:00 IST" name="postMethodCreateObject" finished-at="2025-05-14T14:54:03 IST" duration-ms="3405" status="PASS">
          <reporter-output>
          </reporter-output>
        </test-method> <!-- postMethodCreateObject -->
        <test-method signature="postmethod()[pri:0, instance:test.PutPatchDeleteMethod@279fedbd]" started-at="2025-05-14T14:54:03 IST" name="postmethod" finished-at="2025-05-14T14:54:04 IST" duration-ms="374" status="PASS">
          <reporter-output>
          </reporter-output>
        </test-method> <!-- postmethod -->
      </class> <!-- test.PutPatchDeleteMethod -->
    </test> <!-- Default test -->
  </suite> <!-- Default suite -->
</testng-results>
